2015-09-01 19:39:01,479 - DEBUGGER - INFO: Operating System Environment: win32.
2015-09-01 19:39:19,963 - DEBUGGER - INFO: Initializing Music...
2015-09-01 19:39:19,986 - DEBUGGER - INFO: Running music #1
2015-09-01 19:42:03,796 - DEBUGGER - INFO: Operating System Environment: win32.
2015-09-01 19:42:07,480 - DEBUGGER - INFO: Initializing Music...
2015-09-01 19:42:07,486 - DEBUGGER - INFO: Running music #1
2015-09-02 12:27:18,289 - DEBUGGER - INFO: Operating System Environment: win32.
2015-09-02 12:27:25,056 - DEBUGGER - INFO: Initializing Music...
2015-09-02 12:27:25,081 - DEBUGGER - INFO: Running music #1
2015-09-02 12:27:27,874 - DEBUGGER - INFO: Number of islands: 16
2015-09-02 12:27:27,934 - DEBUGGER - INFO: Island #0 is 225 blocks big at (1, 36)
2015-09-02 12:27:27,938 - DEBUGGER - INFO: Island #1 is 289 blocks big at (19, 14)
2015-09-02 12:27:27,943 - DEBUGGER - INFO: Island #2 is 400 blocks big at (33, 8)
2015-09-02 12:27:27,947 - DEBUGGER - INFO: Island #3 is 100 blocks big at (66, 52)
2015-09-02 12:27:27,950 - DEBUGGER - INFO: Island #4 is 100 blocks big at (41, 69)
2015-09-02 12:27:27,956 - DEBUGGER - INFO: Island #5 is 196 blocks big at (41, 29)
2015-09-02 12:27:27,960 - DEBUGGER - INFO: Island #6 is 100 blocks big at (16, 88)
2015-09-02 12:27:27,963 - DEBUGGER - INFO: Island #7 is 361 blocks big at (67, 31)
2015-09-02 12:27:27,966 - DEBUGGER - INFO: Island #8 is 169 blocks big at (64, 34)
2015-09-02 12:27:27,970 - DEBUGGER - INFO: Island #9 is 225 blocks big at (49, 9)
2015-09-02 12:27:27,974 - DEBUGGER - INFO: Island #10 is 400 blocks big at (70, 3)
2015-09-02 12:27:27,979 - DEBUGGER - INFO: Island #11 is 225 blocks big at (44, 9)
2015-09-02 12:27:27,983 - DEBUGGER - INFO: Island #12 is 256 blocks big at (63, 8)
2015-09-02 12:27:27,987 - DEBUGGER - INFO: Island #13 is 324 blocks big at (20, 7)
2015-09-02 12:27:27,993 - DEBUGGER - INFO: Island #14 is 256 blocks big at (73, 32)
2015-09-02 12:27:28,003 - DEBUGGER - INFO: Island #15 is 289 blocks big at (82, 6)
2015-09-02 12:27:28,104 - DEBUGGER - INFO: Changing the following layers: [0, 1, 2, 3]
2015-09-02 12:27:55,214 - DEBUGGER - INFO: Auto-saving...
2015-09-02 12:27:55,243 - DEBUGGER - INFO: Save complete.
2015-09-02 12:28:05,193 - DEBUGGER - INFO: Saving game...
2015-09-02 12:28:05,226 - DEBUGGER - INFO: Game saved.
2015-09-02 12:28:43,194 - DEBUGGER - INFO: Operating System Environment: win32.
2015-09-02 12:28:47,678 - DEBUGGER - INFO: Initializing Music...
2015-09-02 12:28:47,686 - DEBUGGER - INFO: Running music #1
2015-09-02 12:28:49,134 - DEBUGGER - INFO: Number of islands: 17
2015-09-02 12:28:49,141 - DEBUGGER - INFO: Island #0 is 256 blocks big at (33, 33)
2015-09-02 12:28:49,153 - DEBUGGER - INFO: Island #1 is 144 blocks big at (29, 67)
2015-09-02 12:28:49,167 - DEBUGGER - INFO: Island #2 is 400 blocks big at (48, 17)
2015-09-02 12:28:49,176 - DEBUGGER - INFO: Island #3 is 144 blocks big at (79, 12)
2015-09-02 12:28:49,184 - DEBUGGER - INFO: Island #4 is 361 blocks big at (20, 22)
2015-09-02 12:28:49,193 - DEBUGGER - INFO: Island #5 is 324 blocks big at (8, 54)
2015-09-02 12:28:49,201 - DEBUGGER - INFO: Island #6 is 324 blocks big at (27, 73)
2015-09-02 12:28:49,210 - DEBUGGER - INFO: Island #7 is 289 blocks big at (78, 72)
2015-09-02 12:28:49,220 - DEBUGGER - INFO: Island #8 is 225 blocks big at (73, 58)
2015-09-02 12:28:49,229 - DEBUGGER - INFO: Island #9 is 121 blocks big at (32, 24)
2015-09-02 12:28:49,237 - DEBUGGER - INFO: Island #10 is 400 blocks big at (37, 71)
2015-09-02 12:28:49,246 - DEBUGGER - INFO: Island #11 is 225 blocks big at (24, 48)
2015-09-02 12:28:49,256 - DEBUGGER - INFO: Island #12 is 144 blocks big at (35, 43)
2015-09-02 12:28:49,266 - DEBUGGER - INFO: Island #13 is 400 blocks big at (2, 3)
2015-09-02 12:28:49,276 - DEBUGGER - INFO: Island #14 is 256 blocks big at (65, 35)
2015-09-02 12:28:49,288 - DEBUGGER - INFO: Island #15 is 225 blocks big at (58, 32)
2015-09-02 12:28:49,299 - DEBUGGER - INFO: Island #16 is 121 blocks big at (58, 7)
2015-09-02 12:28:49,414 - DEBUGGER - INFO: Changing the following layers: [0, 1, 2, 3]
2015-09-02 12:29:09,816 - DEBUGGER - INFO: Saving game...
2015-09-02 12:29:09,888 - DEBUGGER - INFO: Game saved.
2015-09-02 12:29:24,714 - DEBUGGER - INFO: Operating System Environment: win32.
2015-09-02 12:29:27,776 - DEBUGGER - INFO: Initializing Music...
2015-09-02 12:29:27,835 - DEBUGGER - INFO: Running music #1
2015-09-02 12:29:33,834 - DEBUGGER - INFO: Number of islands: 15
2015-09-02 12:29:33,877 - DEBUGGER - INFO: Island #0 is 100 blocks big at (80, 11)
2015-09-02 12:29:33,885 - DEBUGGER - INFO: Island #1 is 256 blocks big at (30, 11)
2015-09-02 12:29:33,895 - DEBUGGER - INFO: Island #2 is 169 blocks big at (0, 82)
2015-09-02 12:29:33,904 - DEBUGGER - INFO: Island #3 is 121 blocks big at (29, 23)
2015-09-02 12:29:33,914 - DEBUGGER - INFO: Island #4 is 121 blocks big at (54, 31)
2015-09-02 12:29:33,923 - DEBUGGER - INFO: Island #5 is 361 blocks big at (20, 38)
2015-09-02 12:29:33,934 - DEBUGGER - INFO: Island #6 is 256 blocks big at (79, 24)
2015-09-02 12:29:33,944 - DEBUGGER - INFO: Island #7 is 256 blocks big at (39, 50)
2015-09-02 12:29:33,953 - DEBUGGER - INFO: Island #8 is 324 blocks big at (80, 19)
2015-09-02 12:29:33,961 - DEBUGGER - INFO: Island #9 is 100 blocks big at (30, 50)
2015-09-02 12:29:33,973 - DEBUGGER - INFO: Island #10 is 256 blocks big at (0, 74)
2015-09-02 12:29:33,982 - DEBUGGER - INFO: Island #11 is 289 blocks big at (51, 27)
2015-09-02 12:29:33,993 - DEBUGGER - INFO: Island #12 is 361 blocks big at (31, 12)
2015-09-02 12:29:34,002 - DEBUGGER - INFO: Island #13 is 169 blocks big at (87, 40)
2015-09-02 12:29:34,012 - DEBUGGER - INFO: Island #14 is 361 blocks big at (35, 21)
2015-09-02 12:29:34,127 - DEBUGGER - INFO: Changing the following layers: [0, 1, 2, 3]
2015-09-02 12:29:57,859 - DEBUGGER - INFO: Auto-saving...
2015-09-02 12:29:57,937 - DEBUGGER - INFO: Save complete.
2015-09-02 12:30:27,848 - DEBUGGER - INFO: Auto-saving...
2015-09-02 12:30:27,874 - DEBUGGER - INFO: Save complete.
2015-09-02 12:30:57,842 - DEBUGGER - INFO: Auto-saving...
2015-09-02 12:30:58,003 - DEBUGGER - INFO: Save complete.
2015-09-02 12:31:16,809 - DEBUGGER - INFO: Operating System Environment: win32.
2015-09-02 12:31:19,605 - DEBUGGER - INFO: Initializing Music...
2015-09-02 12:31:19,631 - DEBUGGER - INFO: Running music #1
2015-09-02 12:31:21,848 - DEBUGGER - INFO: Number of islands: 17
2015-09-02 12:31:21,855 - DEBUGGER - INFO: Island #0 is 121 blocks big at (46, 77)
2015-09-02 12:31:21,865 - DEBUGGER - INFO: Island #1 is 361 blocks big at (8, 79)
2015-09-02 12:31:21,875 - DEBUGGER - INFO: Island #2 is 225 blocks big at (43, 18)
2015-09-02 12:31:21,884 - DEBUGGER - INFO: Island #3 is 400 blocks big at (24, 36)
2015-09-02 12:31:21,894 - DEBUGGER - INFO: Island #4 is 100 blocks big at (57, 60)
2015-09-02 12:31:21,904 - DEBUGGER - INFO: Island #5 is 121 blocks big at (30, 31)
2015-09-02 12:31:21,913 - DEBUGGER - INFO: Island #6 is 196 blocks big at (10, 14)
2015-09-02 12:31:21,924 - DEBUGGER - INFO: Island #7 is 121 blocks big at (71, 6)
2015-09-02 12:31:21,933 - DEBUGGER - INFO: Island #8 is 400 blocks big at (32, 31)
2015-09-02 12:31:21,943 - DEBUGGER - INFO: Island #9 is 361 blocks big at (76, 62)
2015-09-02 12:31:21,953 - DEBUGGER - INFO: Island #10 is 196 blocks big at (62, 84)
2015-09-02 12:31:21,960 - DEBUGGER - INFO: Island #11 is 400 blocks big at (78, 71)
2015-09-02 12:31:21,970 - DEBUGGER - INFO: Island #12 is 100 blocks big at (48, 5)
2015-09-02 12:31:21,982 - DEBUGGER - INFO: Island #13 is 196 blocks big at (47, 31)
2015-09-02 12:31:21,993 - DEBUGGER - INFO: Island #14 is 256 blocks big at (39, 20)
2015-09-02 12:31:22,003 - DEBUGGER - INFO: Island #15 is 361 blocks big at (60, 60)
2015-09-02 12:31:22,013 - DEBUGGER - INFO: Island #16 is 225 blocks big at (3, 53)
2015-09-02 12:31:22,124 - DEBUGGER - INFO: Changing the following layers: [0, 1, 2, 3]
2015-09-02 12:31:49,690 - DEBUGGER - INFO: Auto-saving...
2015-09-02 12:31:49,859 - DEBUGGER - INFO: Save complete.
2015-09-02 12:32:19,665 - DEBUGGER - INFO: Auto-saving...
2015-09-02 12:32:19,693 - DEBUGGER - INFO: Save complete.
2015-09-02 12:32:49,665 - DEBUGGER - INFO: Auto-saving...
2015-09-02 12:32:49,753 - DEBUGGER - INFO: Save complete.
2015-09-02 12:33:07,848 - DEBUGGER - INFO: Initializing Music...
2015-09-02 12:33:07,877 - DEBUGGER - INFO: Running music #2
2015-09-02 12:33:19,671 - DEBUGGER - INFO: Auto-saving...
2015-09-02 12:33:19,694 - DEBUGGER - INFO: Save complete.
2015-09-02 12:33:49,680 - DEBUGGER - INFO: Auto-saving...
2015-09-02 12:33:49,752 - DEBUGGER - INFO: Save complete.
2015-09-02 12:34:19,677 - DEBUGGER - INFO: Auto-saving...
2015-09-02 12:35:44,171 - DEBUGGER - INFO: Save complete.
2015-09-02 12:35:44,740 - DEBUGGER - INFO: Auto-saving...
2015-09-02 12:35:44,858 - DEBUGGER - INFO: Save complete.
2015-09-02 12:35:45,457 - DEBUGGER - INFO: Auto-saving...
2015-09-02 12:35:45,569 - DEBUGGER - INFO: Save complete.
2015-09-02 12:35:49,681 - DEBUGGER - INFO: Auto-saving...
2015-09-02 12:35:49,773 - DEBUGGER - INFO: Save complete.
2015-09-02 12:36:19,668 - DEBUGGER - INFO: Auto-saving...
2015-09-02 12:36:19,711 - DEBUGGER - INFO: Save complete.
2015-09-02 12:36:49,676 - DEBUGGER - INFO: Auto-saving...
2015-09-02 12:36:49,760 - DEBUGGER - INFO: Save complete.
2015-09-02 12:37:19,667 - DEBUGGER - INFO: Auto-saving...
2015-09-02 12:37:19,694 - DEBUGGER - INFO: Save complete.
2015-09-02 12:37:49,668 - DEBUGGER - INFO: Auto-saving...
2015-09-02 12:37:49,743 - DEBUGGER - INFO: Save complete.
2015-09-02 12:38:19,667 - DEBUGGER - INFO: Auto-saving...
2015-09-02 12:38:19,760 - DEBUGGER - INFO: Save complete.
2015-09-02 12:38:49,671 - DEBUGGER - INFO: Auto-saving...
2015-09-02 12:38:49,759 - DEBUGGER - INFO: Save complete.
2015-09-02 12:39:19,673 - DEBUGGER - INFO: Auto-saving...
2015-09-02 12:39:19,732 - DEBUGGER - INFO: Save complete.
2015-09-02 12:39:37,536 - DEBUGGER - INFO: Operating System Environment: win32.
2015-09-02 12:40:22,915 - DEBUGGER - INFO: Operating System Environment: win32.
2015-09-02 12:40:32,480 - DEBUGGER - INFO: Operating System Environment: win32.
2015-09-02 12:41:14,829 - DEBUGGER - INFO: Operating System Environment: win32.
2015-09-02 12:43:04,148 - DEBUGGER - INFO: Operating System Environment: win32.
2015-09-02 12:43:21,716 - DEBUGGER - INFO: Operating System Environment: win32.
2015-09-02 12:46:29,278 - DEBUGGER - INFO: Operating System Environment: win32.
2015-09-02 12:48:39,250 - DEBUGGER - INFO: Operating System Environment: win32.
2015-09-02 12:51:21,575 - DEBUGGER - INFO: Operating System Environment: win32.
2015-09-02 12:51:31,756 - DEBUGGER - INFO: Removing previous temporary texture files...
2015-09-02 12:51:31,773 - DEBUGGER - INFO: Extracting textures...
2015-09-02 12:51:43,394 - DEBUGGER - INFO: Initializing Music...
2015-09-02 12:51:43,407 - DEBUGGER - INFO: Running music #1
2015-09-02 12:51:45,086 - DEBUGGER - INFO: Number of islands: 20
2015-09-02 12:51:45,151 - DEBUGGER - INFO: Island #0 is 225 blocks big at (24, 25)
2015-09-02 12:51:45,155 - DEBUGGER - INFO: Island #1 is 196 blocks big at (75, 17)
2015-09-02 12:51:45,158 - DEBUGGER - INFO: Island #2 is 361 blocks big at (37, 40)
2015-09-02 12:51:45,163 - DEBUGGER - INFO: Island #3 is 361 blocks big at (67, 34)
2015-09-02 12:51:45,167 - DEBUGGER - INFO: Island #4 is 169 blocks big at (75, 6)
2015-09-02 12:51:45,173 - DEBUGGER - INFO: Island #5 is 324 blocks big at (79, 9)
2015-09-02 12:51:45,177 - DEBUGGER - INFO: Island #6 is 400 blocks big at (45, 7)
2015-09-02 12:51:45,180 - DEBUGGER - INFO: Island #7 is 225 blocks big at (31, 16)
2015-09-02 12:51:45,184 - DEBUGGER - INFO: Island #8 is 289 blocks big at (38, 13)
2015-09-02 12:51:45,188 - DEBUGGER - INFO: Island #9 is 289 blocks big at (74, 72)
2015-09-02 12:51:45,193 - DEBUGGER - INFO: Island #10 is 100 blocks big at (84, 19)
2015-09-02 12:51:45,196 - DEBUGGER - INFO: Island #11 is 144 blocks big at (27, 61)
2015-09-02 12:51:45,200 - DEBUGGER - INFO: Island #12 is 121 blocks big at (42, 60)
2015-09-02 12:51:45,209 - DEBUGGER - INFO: Island #13 is 121 blocks big at (5, 53)
2015-09-02 12:51:45,217 - DEBUGGER - INFO: Island #14 is 225 blocks big at (28, 7)
2015-09-02 12:51:45,226 - DEBUGGER - INFO: Island #15 is 144 blocks big at (65, 65)
2015-09-02 12:51:45,234 - DEBUGGER - INFO: Island #16 is 225 blocks big at (24, 67)
2015-09-02 12:51:45,243 - DEBUGGER - INFO: Island #17 is 324 blocks big at (3, 59)
2015-09-02 12:51:45,252 - DEBUGGER - INFO: Island #18 is 225 blocks big at (6, 15)
2015-09-02 12:51:45,262 - DEBUGGER - INFO: Island #19 is 400 blocks big at (34, 16)
2015-09-02 12:51:45,354 - DEBUGGER - INFO: Changing the following layers: [0, 1, 2, 3]
2015-09-02 12:51:53,348 - DEBUGGER - INFO: Saving game...
2015-09-02 12:51:53,375 - DEBUGGER - INFO: Game saved.
2015-09-02 12:51:53,384 - DEBUGGER - INFO: Removing previous temporary texture files...
2015-09-02 12:51:53,411 - DEBUGGER - ERROR: name 'shutil' is not defined
2015-09-02 12:51:53,428 - DEBUGGER - ERROR: name 'shutil' is not defined
2015-09-02 12:51:53,476 - DEBUGGER - ERROR: name 'shutil' is not defined
2015-09-02 12:53:15,885 - DEBUGGER - INFO: Operating System Environment: win32.
2015-09-02 12:53:24,305 - DEBUGGER - INFO: Removing previous temporary texture files...
2015-09-02 12:53:24,395 - DEBUGGER - INFO: Extracting textures...
2015-09-02 12:53:35,450 - DEBUGGER - INFO: Initializing Music...
2015-09-02 12:53:35,520 - DEBUGGER - INFO: Running music #1
2015-09-02 12:53:37,326 - DEBUGGER - INFO: Number of islands: 20
2015-09-02 12:53:37,332 - DEBUGGER - INFO: Island #0 is 169 blocks big at (73, 51)
2015-09-02 12:53:37,345 - DEBUGGER - INFO: Island #1 is 256 blocks big at (77, 62)
2015-09-02 12:53:37,355 - DEBUGGER - INFO: Island #2 is 400 blocks big at (24, 14)
2015-09-02 12:53:37,365 - DEBUGGER - INFO: Island #3 is 144 blocks big at (1, 57)
2015-09-02 12:53:37,375 - DEBUGGER - INFO: Island #4 is 361 blocks big at (22, 60)
2015-09-02 12:53:37,387 - DEBUGGER - INFO: Island #5 is 400 blocks big at (74, 47)
2015-09-02 12:53:37,397 - DEBUGGER - INFO: Island #6 is 225 blocks big at (29, 38)
2015-09-02 12:53:37,407 - DEBUGGER - INFO: Island #7 is 361 blocks big at (62, 28)
2015-09-02 12:53:37,414 - DEBUGGER - INFO: Island #8 is 225 blocks big at (82, 25)
2015-09-02 12:53:37,424 - DEBUGGER - INFO: Island #9 is 400 blocks big at (10, 64)
2015-09-02 12:53:37,431 - DEBUGGER - INFO: Island #10 is 196 blocks big at (70, 8)
2015-09-02 12:53:37,441 - DEBUGGER - INFO: Island #11 is 169 blocks big at (34, 31)
2015-09-02 12:53:37,450 - DEBUGGER - INFO: Island #12 is 256 blocks big at (52, 68)
2015-09-02 12:53:37,457 - DEBUGGER - INFO: Island #13 is 225 blocks big at (76, 71)
2015-09-02 12:53:37,467 - DEBUGGER - INFO: Island #14 is 100 blocks big at (57, 70)
2015-09-02 12:53:37,476 - DEBUGGER - INFO: Island #15 is 289 blocks big at (18, 61)
2015-09-02 12:53:37,483 - DEBUGGER - INFO: Island #16 is 100 blocks big at (86, 8)
2015-09-02 12:53:37,493 - DEBUGGER - INFO: Island #17 is 121 blocks big at (64, 19)
2015-09-02 12:53:37,500 - DEBUGGER - INFO: Island #18 is 400 blocks big at (60, 9)
2015-09-02 12:53:37,509 - DEBUGGER - INFO: Island #19 is 169 blocks big at (83, 80)
2015-09-02 12:53:37,609 - DEBUGGER - INFO: Changing the following layers: [0, 1, 2, 3]
2015-09-02 12:53:43,785 - DEBUGGER - INFO: Saving game...
2015-09-02 12:53:43,819 - DEBUGGER - INFO: Game saved.
2015-09-02 12:53:43,828 - DEBUGGER - INFO: Removing previous temporary texture files...
2015-09-02 12:56:00,979 - DEBUGGER - INFO: Operating System Environment: win32.
2015-09-02 12:56:02,638 - DEBUGGER - INFO: Extracting textures...
2015-09-02 12:57:03,042 - DEBUGGER - INFO: Operating System Environment: win32.
2015-09-02 12:57:11,200 - DEBUGGER - INFO: Removing previous temporary texture files...
2015-09-02 12:57:11,217 - DEBUGGER - INFO: Extracting textures...
2015-09-02 12:57:14,607 - DEBUGGER - INFO: Initializing Music...
2015-09-02 12:57:14,641 - DEBUGGER - INFO: Running music #1
2015-09-02 12:57:16,552 - DEBUGGER - INFO: Number of islands: 16
2015-09-02 12:57:16,559 - DEBUGGER - INFO: Island #0 is 361 blocks big at (68, 72)
2015-09-02 12:57:16,566 - DEBUGGER - INFO: Island #1 is 196 blocks big at (11, 10)
2015-09-02 12:57:16,575 - DEBUGGER - INFO: Island #2 is 400 blocks big at (24, 36)
2015-09-02 12:57:16,582 - DEBUGGER - INFO: Island #3 is 324 blocks big at (23, 37)
2015-09-02 12:57:16,592 - DEBUGGER - INFO: Island #4 is 169 blocks big at (39, 74)
2015-09-02 12:57:16,601 - DEBUGGER - INFO: Island #5 is 100 blocks big at (73, 4)
2015-09-02 12:57:16,611 - DEBUGGER - INFO: Island #6 is 400 blocks big at (14, 45)
2015-09-02 12:57:16,618 - DEBUGGER - INFO: Island #7 is 169 blocks big at (3, 49)
2015-09-02 12:57:16,628 - DEBUGGER - INFO: Island #8 is 324 blocks big at (45, 66)
2015-09-02 12:57:16,637 - DEBUGGER - INFO: Island #9 is 324 blocks big at (57, 45)
2015-09-02 12:57:16,647 - DEBUGGER - INFO: Island #10 is 256 blocks big at (52, 61)
2015-09-02 12:57:16,657 - DEBUGGER - INFO: Island #11 is 225 blocks big at (5, 62)
2015-09-02 12:57:16,668 - DEBUGGER - INFO: Island #12 is 225 blocks big at (16, 62)
2015-09-02 12:57:16,678 - DEBUGGER - INFO: Island #13 is 400 blocks big at (32, 36)
2015-09-02 12:57:16,690 - DEBUGGER - INFO: Island #14 is 121 blocks big at (21, 70)
2015-09-02 12:57:16,700 - DEBUGGER - INFO: Island #15 is 169 blocks big at (30, 39)
2015-09-02 12:57:16,823 - DEBUGGER - INFO: Changing the following layers: [0, 1, 2, 3]
2015-09-02 12:57:31,532 - DEBUGGER - INFO: Saving game...
2015-09-02 12:57:31,582 - DEBUGGER - INFO: Game saved.
2015-09-02 12:57:31,596 - DEBUGGER - INFO: Removing previous temporary texture files...
2015-09-02 12:57:31,653 - DEBUGGER - ERROR: [Error 32] The process cannot access the file because it is being used by another process: 'graphics\\temp\\gameFont.ttf'
2015-09-02 12:59:02,187 - DEBUGGER - INFO: Operating System Environment: win32.
2015-09-02 12:59:03,743 - DEBUGGER - INFO: Removing previous temporary texture files...
2015-09-02 12:59:16,891 - DEBUGGER - INFO: Operating System Environment: win32.
2015-09-02 12:59:18,588 - DEBUGGER - INFO: Extracting textures...
2015-09-02 12:59:21,585 - DEBUGGER - INFO: Initializing Music...
2015-09-02 12:59:21,592 - DEBUGGER - INFO: Running music #1
2015-09-02 12:59:23,131 - DEBUGGER - INFO: Number of islands: 19
2015-09-02 12:59:23,138 - DEBUGGER - INFO: Island #0 is 361 blocks big at (70, 79)
2015-09-02 12:59:23,150 - DEBUGGER - INFO: Island #1 is 324 blocks big at (42, 52)
2015-09-02 12:59:23,161 - DEBUGGER - INFO: Island #2 is 289 blocks big at (48, 41)
2015-09-02 12:59:23,173 - DEBUGGER - INFO: Island #3 is 121 blocks big at (64, 84)
2015-09-02 12:59:23,184 - DEBUGGER - INFO: Island #4 is 289 blocks big at (33, 32)
2015-09-02 12:59:23,197 - DEBUGGER - INFO: Island #5 is 169 blocks big at (74, 7)
2015-09-02 12:59:23,209 - DEBUGGER - INFO: Island #6 is 144 blocks big at (72, 13)
2015-09-02 12:59:23,221 - DEBUGGER - INFO: Island #7 is 400 blocks big at (31, 58)
2015-09-02 12:59:23,233 - DEBUGGER - INFO: Island #8 is 144 blocks big at (52, 52)
2015-09-02 12:59:23,246 - DEBUGGER - INFO: Island #9 is 225 blocks big at (11, 80)
2015-09-02 12:59:23,259 - DEBUGGER - INFO: Island #10 is 144 blocks big at (85, 18)
2015-09-02 12:59:23,270 - DEBUGGER - INFO: Island #11 is 400 blocks big at (55, 44)
2015-09-02 12:59:23,285 - DEBUGGER - INFO: Island #12 is 196 blocks big at (4, 57)
2015-09-02 12:59:23,298 - DEBUGGER - INFO: Island #13 is 225 blocks big at (35, 11)
2015-09-02 12:59:23,311 - DEBUGGER - INFO: Island #14 is 144 blocks big at (31, 55)
2015-09-02 12:59:23,323 - DEBUGGER - INFO: Island #15 is 121 blocks big at (21, 12)
2015-09-02 12:59:23,335 - DEBUGGER - INFO: Island #16 is 196 blocks big at (80, 66)
2015-09-02 12:59:23,348 - DEBUGGER - INFO: Island #17 is 400 blocks big at (74, 13)
2015-09-02 12:59:23,359 - DEBUGGER - INFO: Island #18 is 361 blocks big at (33, 24)
2015-09-02 12:59:23,457 - DEBUGGER - INFO: Changing the following layers: [0, 1, 2, 3]
2015-09-02 12:59:30,413 - DEBUGGER - INFO: Saving game...
2015-09-02 12:59:30,471 - DEBUGGER - INFO: Game saved.
2015-09-02 12:59:30,486 - DEBUGGER - INFO: Removing previous temporary texture files...
2015-09-02 12:59:30,542 - DEBUGGER - ERROR: [Error 32] The process cannot access the file because it is being used by another process: 'graphics\\temp\\gameFont.ttf'
2015-09-02 13:00:09,799 - DEBUGGER - INFO: Operating System Environment: win32.
2015-09-02 13:00:11,775 - DEBUGGER - INFO: Removing previous temporary texture files...
2015-09-02 13:00:11,799 - DEBUGGER - INFO: Extracting textures...
2015-09-02 13:00:14,990 - DEBUGGER - INFO: Initializing Music...
2015-09-02 13:00:14,997 - DEBUGGER - INFO: Running music #1
2015-09-02 13:00:16,578 - DEBUGGER - INFO: Number of islands: 19
2015-09-02 13:00:16,618 - DEBUGGER - INFO: Island #0 is 100 blocks big at (64, 72)
2015-09-02 13:00:16,628 - DEBUGGER - INFO: Island #1 is 100 blocks big at (64, 11)
2015-09-02 13:00:16,640 - DEBUGGER - INFO: Island #2 is 400 blocks big at (64, 71)
2015-09-02 13:00:16,651 - DEBUGGER - INFO: Island #3 is 361 blocks big at (67, 75)
2015-09-02 13:00:16,663 - DEBUGGER - INFO: Island #4 is 324 blocks big at (68, 20)
2015-09-02 13:00:16,674 - DEBUGGER - INFO: Island #5 is 256 blocks big at (46, 83)
2015-09-02 13:00:16,684 - DEBUGGER - INFO: Island #6 is 100 blocks big at (59, 76)
2015-09-02 13:00:16,691 - DEBUGGER - INFO: Island #7 is 256 blocks big at (72, 1)
2015-09-02 13:00:16,701 - DEBUGGER - INFO: Island #8 is 144 blocks big at (11, 21)
2015-09-02 13:00:16,710 - DEBUGGER - INFO: Island #9 is 100 blocks big at (71, 85)
2015-09-02 13:00:16,720 - DEBUGGER - INFO: Island #10 is 100 blocks big at (33, 8)
2015-09-02 13:00:16,727 - DEBUGGER - INFO: Island #11 is 121 blocks big at (32, 64)
2015-09-02 13:00:16,737 - DEBUGGER - INFO: Island #12 is 100 blocks big at (84, 30)
2015-09-02 13:00:16,747 - DEBUGGER - INFO: Island #13 is 361 blocks big at (46, 81)
2015-09-02 13:00:16,757 - DEBUGGER - INFO: Island #14 is 100 blocks big at (64, 45)
2015-09-02 13:00:16,769 - DEBUGGER - INFO: Island #15 is 196 blocks big at (13, 52)
2015-09-02 13:00:16,779 - DEBUGGER - INFO: Island #16 is 324 blocks big at (81, 79)
2015-09-02 13:00:16,789 - DEBUGGER - INFO: Island #17 is 169 blocks big at (39, 14)
2015-09-02 13:00:16,802 - DEBUGGER - INFO: Island #18 is 196 blocks big at (33, 62)
2015-09-02 13:00:16,911 - DEBUGGER - INFO: Changing the following layers: [0, 1, 2, 3]
2015-09-02 13:00:24,832 - DEBUGGER - INFO: Saving game...
2015-09-02 13:00:24,905 - DEBUGGER - INFO: Game saved.
2015-09-02 13:00:24,915 - DEBUGGER - INFO: Removing previous temporary texture files...
2015-09-02 13:00:24,964 - DEBUGGER - ERROR: [Error 32] The process cannot access the file because it is being used by another process: 'graphics\\temp\\gameFont.ttf'
2015-09-02 13:01:53,434 - DEBUGGER - INFO: Operating System Environment: win32.
2015-09-02 13:02:11,109 - DEBUGGER - INFO: Removing previous temporary texture files...
2015-09-02 13:02:11,151 - DEBUGGER - INFO: Extracting textures...
2015-09-02 13:02:13,756 - DEBUGGER - INFO: Initializing Music...
2015-09-02 13:02:13,773 - DEBUGGER - INFO: Running music #1
2015-09-02 13:02:15,401 - DEBUGGER - INFO: Number of islands: 18
2015-09-02 13:02:15,411 - DEBUGGER - INFO: Island #0 is 289 blocks big at (66, 47)
2015-09-02 13:02:15,424 - DEBUGGER - INFO: Island #1 is 225 blocks big at (1, 78)
2015-09-02 13:02:15,437 - DEBUGGER - INFO: Island #2 is 324 blocks big at (64, 16)
2015-09-02 13:02:15,457 - DEBUGGER - INFO: Island #3 is 196 blocks big at (14, 52)
2015-09-02 13:02:15,474 - DEBUGGER - INFO: Island #4 is 169 blocks big at (68, 77)
2015-09-02 13:02:15,492 - DEBUGGER - INFO: Island #5 is 100 blocks big at (73, 35)
2015-09-02 13:02:15,506 - DEBUGGER - INFO: Island #6 is 225 blocks big at (42, 28)
2015-09-02 13:02:15,519 - DEBUGGER - INFO: Island #7 is 121 blocks big at (55, 88)
2015-09-02 13:02:15,529 - DEBUGGER - INFO: Island #8 is 289 blocks big at (60, 66)
2015-09-02 13:02:15,539 - DEBUGGER - INFO: Island #9 is 361 blocks big at (33, 18)
2015-09-02 13:02:15,551 - DEBUGGER - INFO: Island #10 is 400 blocks big at (79, 63)
2015-09-02 13:02:15,561 - DEBUGGER - INFO: Island #11 is 361 blocks big at (40, 5)
2015-09-02 13:02:15,571 - DEBUGGER - INFO: Island #12 is 144 blocks big at (15, 80)
2015-09-02 13:02:15,581 - DEBUGGER - INFO: Island #13 is 100 blocks big at (53, 65)
2015-09-02 13:02:15,591 - DEBUGGER - INFO: Island #14 is 361 blocks big at (81, 13)
2015-09-02 13:02:15,601 - DEBUGGER - INFO: Island #15 is 196 blocks big at (83, 14)
2015-09-02 13:02:15,609 - DEBUGGER - INFO: Island #16 is 289 blocks big at (71, 56)
2015-09-02 13:02:15,621 - DEBUGGER - INFO: Island #17 is 400 blocks big at (3, 74)
2015-09-02 13:02:15,726 - DEBUGGER - INFO: Changing the following layers: [0, 1, 2, 3]
2015-09-02 13:02:29,650 - DEBUGGER - INFO: Saving game...
2015-09-02 13:02:29,676 - DEBUGGER - INFO: Game saved.
2015-09-02 13:02:29,687 - DEBUGGER - INFO: Removing previous temporary texture files...
2015-09-02 13:02:29,736 - DEBUGGER - ERROR: [Error 32] The process cannot access the file because it is being used by another process: 'graphics\\temp\\gameFont.ttf'
2015-09-02 13:02:29,799 - DEBUGGER - ERROR: [Error 145] The directory is not empty: 'graphics/temp/'
2015-09-02 13:04:30,301 - DEBUGGER - INFO: Operating System Environment: win32.
2015-09-02 13:04:41,424 - DEBUGGER - INFO: Removing previous temporary texture files...
2015-09-02 13:04:41,443 - DEBUGGER - INFO: Extracting textures...
2015-09-02 13:04:44,687 - DEBUGGER - INFO: Initializing Music...
2015-09-02 13:04:44,730 - DEBUGGER - INFO: Running music #1
2015-09-02 13:04:46,894 - DEBUGGER - INFO: Number of islands: 16
2015-09-02 13:04:46,937 - DEBUGGER - INFO: Island #0 is 144 blocks big at (43, 69)
2015-09-02 13:04:46,941 - DEBUGGER - INFO: Island #1 is 324 blocks big at (81, 57)
2015-09-02 13:04:46,946 - DEBUGGER - INFO: Island #2 is 196 blocks big at (69, 77)
2015-09-02 13:04:46,950 - DEBUGGER - INFO: Island #3 is 100 blocks big at (71, 80)
2015-09-02 13:04:46,956 - DEBUGGER - INFO: Island #4 is 100 blocks big at (79, 80)
2015-09-02 13:04:46,960 - DEBUGGER - INFO: Island #5 is 144 blocks big at (24, 85)
2015-09-02 13:04:46,963 - DEBUGGER - INFO: Island #6 is 225 blocks big at (58, 82)
2015-09-02 13:04:46,970 - DEBUGGER - INFO: Island #7 is 256 blocks big at (14, 30)
2015-09-02 13:04:46,974 - DEBUGGER - INFO: Island #8 is 400 blocks big at (43, 10)
2015-09-02 13:04:46,980 - DEBUGGER - INFO: Island #9 is 169 blocks big at (63, 83)
2015-09-02 13:04:46,984 - DEBUGGER - INFO: Island #10 is 169 blocks big at (22, 45)
2015-09-02 13:04:46,990 - DEBUGGER - INFO: Island #11 is 144 blocks big at (3, 79)
2015-09-02 13:04:46,999 - DEBUGGER - INFO: Island #12 is 196 blocks big at (50, 40)
2015-09-02 13:04:47,006 - DEBUGGER - INFO: Island #13 is 196 blocks big at (71, 43)
2015-09-02 13:04:47,016 - DEBUGGER - INFO: Island #14 is 169 blocks big at (55, 29)
2015-09-02 13:04:47,026 - DEBUGGER - INFO: Island #15 is 289 blocks big at (59, 37)
2015-09-02 13:04:47,137 - DEBUGGER - INFO: Changing the following layers: [0, 1, 2, 3]
2015-09-02 13:05:03,736 - DEBUGGER - INFO: Saving game...
2015-09-02 13:05:03,770 - DEBUGGER - INFO: Game saved.
2015-09-02 13:05:03,786 - DEBUGGER - INFO: Removing previous temporary texture files...
2015-09-02 13:05:03,842 - DEBUGGER - ERROR: [Error 32] The process cannot access the file because it is being used by another process: 'graphics\\temp\\gameFont.ttf'
2015-09-02 13:05:03,907 - DEBUGGER - ERROR: [Error 145] The directory is not empty: 'graphics/temp/'
